<?xml version="1.0" encoding="UTF-8"?>
<!-- Generated by org.testng.reporters.JUnitXMLReporter -->
<testsuite ignored="0" hostname="DESKTOP-AUGHFJE" failures="0" tests="6" name="Default test" time="0.085" errors="0" timestamp="2023-04-22T15:15:21 IST">
  <testcase classname="test.TestClass1" name="test3" time="0.008"/>
  <testcase classname="test.TestClass1" name="test3" time="0.001"/>
  <testcase classname="test.TestClass1" name="test3" time="0.001"/>
  <testcase classname="test.TestClass1" name="test2" time="0.003"/>
  <testcase classname="test.TestClass1" name="test4" time="0.001"/>
  <testcase classname="test.TestClass1" name="test1" time="0.002"/>
</testsuite> <!-- Default test -->
