<?xml version="1.0" encoding="UTF-8"?>
<testng-results ignored="0" total="6" passed="6" failed="0" skipped="0">
  <reporter-output>
  </reporter-output>
  <suite started-at="2023-04-22T15:15:21 IST" name="Default suite" finished-at="2023-04-22T15:15:21 IST" duration-ms="85">
    <groups>
    </groups>
    <test started-at="2023-04-22T15:15:21 IST" name="Default test" finished-at="2023-04-22T15:15:21 IST" duration-ms="85">
      <class name="test.TestClass1">
        <test-method is-config="true" signature="beforeClass()[pri:0, instance:test.TestClass1@bae7dc0]" started-at="2023-04-22T15:15:21 IST" name="beforeClass" finished-at="2023-04-22T15:15:21 IST" duration-ms="9" status="PASS">
          <reporter-output>
          </reporter-output>
        </test-method> <!-- beforeClass -->
        <test-method is-config="true" signature="beforeMethod()[pri:0, instance:test.TestClass1@bae7dc0]" started-at="2023-04-22T15:15:21 IST" name="beforeMethod" finished-at="2023-04-22T15:15:21 IST" duration-ms="1" status="PASS">
          <reporter-output>
          </reporter-output>
        </test-method> <!-- beforeMethod -->
        <test-method signature="test3()[pri:2, instance:test.TestClass1@bae7dc0]" started-at="2023-04-22T15:15:21 IST" name="test3" finished-at="2023-04-22T15:15:21 IST" duration-ms="8" status="PASS">
          <reporter-output>
          </reporter-output>
        </test-method> <!-- test3 -->
        <test-method is-config="true" signature="afterMethod()[pri:0, instance:test.TestClass1@bae7dc0]" started-at="2023-04-22T15:15:21 IST" name="afterMethod" finished-at="2023-04-22T15:15:21 IST" duration-ms="1" status="PASS">
          <reporter-output>
          </reporter-output>
        </test-method> <!-- afterMethod -->
        <test-method signature="test3()[pri:2, instance:test.TestClass1@bae7dc0]" started-at="2023-04-22T15:15:21 IST" name="test3" finished-at="2023-04-22T15:15:21 IST" duration-ms="1" status="PASS">
          <reporter-output>
          </reporter-output>
        </test-method> <!-- test3 -->
        <test-method is-config="true" signature="beforeMethod()[pri:0, instance:test.TestClass1@bae7dc0]" started-at="2023-04-22T15:15:21 IST" name="beforeMethod" finished-at="2023-04-22T15:15:21 IST" duration-ms="0" status="PASS">
          <reporter-output>
          </reporter-output>
        </test-method> <!-- beforeMethod -->
        <test-method is-config="true" signature="afterMethod()[pri:0, instance:test.TestClass1@bae7dc0]" started-at="2023-04-22T15:15:21 IST" name="afterMethod" finished-at="2023-04-22T15:15:21 IST" duration-ms="0" status="PASS">
          <reporter-output>
          </reporter-output>
        </test-method> <!-- afterMethod -->
        <test-method is-config="true" signature="beforeMethod()[pri:0, instance:test.TestClass1@bae7dc0]" started-at="2023-04-22T15:15:21 IST" name="beforeMethod" finished-at="2023-04-22T15:15:21 IST" duration-ms="1" status="PASS">
          <reporter-output>
          </reporter-output>
        </test-method> <!-- beforeMethod -->
        <test-method signature="test3()[pri:2, instance:test.TestClass1@bae7dc0]" started-at="2023-04-22T15:15:21 IST" name="test3" finished-at="2023-04-22T15:15:21 IST" duration-ms="1" status="PASS">
          <reporter-output>
          </reporter-output>
        </test-method> <!-- test3 -->
        <test-method is-config="true" signature="afterMethod()[pri:0, instance:test.TestClass1@bae7dc0]" started-at="2023-04-22T15:15:21 IST" name="afterMethod" finished-at="2023-04-22T15:15:21 IST" duration-ms="2" status="PASS">
          <reporter-output>
          </reporter-output>
        </test-method> <!-- afterMethod -->
        <test-method is-config="true" signature="beforeMethod()[pri:0, instance:test.TestClass1@bae7dc0]" started-at="2023-04-22T15:15:21 IST" name="beforeMethod" finished-at="2023-04-22T15:15:21 IST" duration-ms="1" status="PASS">
          <reporter-output>
          </reporter-output>
        </test-method> <!-- beforeMethod -->
        <test-method signature="test2()[pri:3, instance:test.TestClass1@bae7dc0]" started-at="2023-04-22T15:15:21 IST" name="test2" finished-at="2023-04-22T15:15:21 IST" duration-ms="3" status="PASS">
          <reporter-output>
          </reporter-output>
        </test-method> <!-- test2 -->
        <test-method is-config="true" signature="afterMethod()[pri:0, instance:test.TestClass1@bae7dc0]" started-at="2023-04-22T15:15:21 IST" name="afterMethod" finished-at="2023-04-22T15:15:21 IST" duration-ms="0" status="PASS">
          <reporter-output>
          </reporter-output>
        </test-method> <!-- afterMethod -->
        <test-method signature="test4()[pri:1, instance:test.TestClass1@bae7dc0]" started-at="2023-04-22T15:15:21 IST" name="test4" finished-at="2023-04-22T15:15:21 IST" depends-on-methods="test.TestClass1.test2" duration-ms="1" status="PASS">
          <reporter-output>
          </reporter-output>
        </test-method> <!-- test4 -->
        <test-method is-config="true" signature="beforeMethod()[pri:0, instance:test.TestClass1@bae7dc0]" started-at="2023-04-22T15:15:21 IST" name="beforeMethod" finished-at="2023-04-22T15:15:21 IST" duration-ms="0" status="PASS">
          <reporter-output>
          </reporter-output>
        </test-method> <!-- beforeMethod -->
        <test-method is-config="true" signature="afterMethod()[pri:0, instance:test.TestClass1@bae7dc0]" started-at="2023-04-22T15:15:21 IST" name="afterMethod" finished-at="2023-04-22T15:15:21 IST" duration-ms="1" status="PASS">
          <reporter-output>
          </reporter-output>
        </test-method> <!-- afterMethod -->
        <test-method signature="test1()[pri:4, instance:test.TestClass1@bae7dc0]" started-at="2023-04-22T15:15:21 IST" name="test1" finished-at="2023-04-22T15:15:21 IST" duration-ms="2" status="PASS">
          <reporter-output>
          </reporter-output>
        </test-method> <!-- test1 -->
        <test-method is-config="true" signature="beforeMethod()[pri:0, instance:test.TestClass1@bae7dc0]" started-at="2023-04-22T15:15:21 IST" name="beforeMethod" finished-at="2023-04-22T15:15:21 IST" duration-ms="0" status="PASS">
          <reporter-output>
          </reporter-output>
        </test-method> <!-- beforeMethod -->
        <test-method is-config="true" signature="afterMethod()[pri:0, instance:test.TestClass1@bae7dc0]" started-at="2023-04-22T15:15:21 IST" name="afterMethod" finished-at="2023-04-22T15:15:21 IST" duration-ms="0" status="PASS">
          <reporter-output>
          </reporter-output>
        </test-method> <!-- afterMethod -->
        <test-method is-config="true" signature="afterClass()[pri:0, instance:test.TestClass1@bae7dc0]" started-at="2023-04-22T15:15:21 IST" name="afterClass" finished-at="2023-04-22T15:15:21 IST" duration-ms="0" status="PASS">
          <reporter-output>
          </reporter-output>
        </test-method> <!-- afterClass -->
      </class> <!-- test.TestClass1 -->
    </test> <!-- Default test -->
  </suite> <!-- Default suite -->
</testng-results>
